<?xml version="1.0" encoding="UTF-8"?>
<testng-results ignored="0" total="2" passed="2" failed="0" skipped="0">
  <reporter-output>
  </reporter-output>
  <suite started-at="2024-02-14T22:54:05 IST" name="Default suite" finished-at="2024-02-14T22:54:05 IST" duration-ms="97">
    <groups>
    </groups>
    <test started-at="2024-02-14T22:54:05 IST" name="Default test" finished-at="2024-02-14T22:54:05 IST" duration-ms="97">
      <class name="com.TestNG.TestNGexample">
        <test-method signature="test1()[pri:0, instance:com.TestNG.TestNGexample@f09733f]" started-at="2024-02-14T22:54:05 IST" name="test1" finished-at="2024-02-14T22:54:05 IST" duration-ms="13" status="PASS">
          <reporter-output>
          </reporter-output>
        </test-method> <!-- test1 -->
        <test-method signature="test2()[pri:0, instance:com.TestNG.TestNGexample@f09733f]" started-at="2024-02-14T22:54:05 IST" name="test2" finished-at="2024-02-14T22:54:05 IST" duration-ms="8" status="PASS">
          <reporter-output>
          </reporter-output>
        </test-method> <!-- test2 -->
      </class> <!-- com.TestNG.TestNGexample -->
    </test> <!-- Default test -->
  </suite> <!-- Default suite -->
</testng-results>
